
ROM used: 2189 (27%)
          2242 (27%) including unused fragments

          1 Average locations per line
          3 Average locations per statement

RAM used: 111 (30%) at main() level
          140 (38%) worst case

Stack used: 7 worst case (out of 8 total available)

Lines Stmts  %   Files
----- ----- ---  -----
  746   259  32  PCB.c
  418     0   0  ..\..\..\..\Program Files (x86)\PICC\devices\16F886.H
 1351   359  45  ..\..\..\..\Program Files (x86)\PICC\drivers\stdlib.H
   32     0   0  ..\..\..\..\Program Files (x86)\PICC\drivers\stddef.h
  423   125  16  ..\..\..\..\Program Files (x86)\PICC\drivers\string.h
   28     0   0  ..\..\..\..\Program Files (x86)\PICC\drivers\ctype.h
  152    61   8  myMCP3208.c
----- -----
 3150   804 Total

Page ROM  %  RAM   Vol Diff  Functions:
---- --- --- ---   --- ----  ----------
 Inline        1             @I2C_WRITE_1
 Inline        1             @delay_ms1
 Inline        1             @delay_us1
0     39   2   5             @DIV1616
0      4   0   0    17  0.8  adc_init
 Inline        4   360  6.5  write_adc_byte
0     35   2   3   297  4.8  read_adc_byte
 Inline        8   947  7.2  read_analog_mcp
0    147   7   1    39  1.8  read_analog
0    738  34   6  4984 13.9  ssp_interrupt
0     15   1   1             @SPRINTF
 Inline        9             @PRINTF_LU_419
0      9   0   0    38  1.4  timer1_isr
0      5   0   0    33  1.3  triggerScreenUpdate
0      5   0   0    69  1.6  resetI2C
0      7   0   0    48  1.1  submit
0     15   1   1   145  3.1  type
 Inline        3   162  4.8  fillBlankSensorsWithDefaultValue
0     28   1   2    76  1.8  clearScreen
0     37   2   0             @const425
0    154   7   2   151  3.5  showError
0      7   0   0             @const426
 Inline        5             @PSTRINGCN7_419
0     23   1   3             @DIV88
0     63   3   2             @PRINTF_U_419
 Inline        0    43  1.1  showCursor
0      8   0   0    43  1.1  hideCursor
0     27   1   2   151  3.5  setPosition
 Inline        0    16  1.0  getPosition
 Inline        0    27  0.9  twoDisplay
0     87   4   0   396  2.4  init
 Inline        1   295  4.6  updateScreen
0    484  22   6  1746  5.6  show_adc
1    194   9  10   569  3.4  MAIN
 Inline        0   577  3.4  @cinit1

Program metrics:
    Functions               24
    Statements              804
    Comments                1350
    Volume (V)              17165
    Difficulty (D)          84.8
    Effort to implement (E) 1455361
    Time to implement (T)   22 hours, 28 minutes
    Est Delivered Bugs (B)  4
    Cyclomatic Complexity   57
    Maintainability (MI)    39

 Segment     Used  Free
-----------  ----  ----
00000-00003     4  0  
00004-00039    54  0  
0003A-007FF  1937  53  
00800-00FFF   194  1854  
01000-017FF     0  2048  
01800-01FFF     0  2048  



